<?xml version="1.0" encoding="UTF-8"?>
<testsuites name="Test Suite_multi-browsers" time="1.83" tests="1" failures="0" errors="1">
   <testsuite name="Test Suite_multi-browsers" tests="1" failures="0" errors="1" time="1.83" skipped="0" timestamp="2023-02-11 20:14:59" hostname="LAP15239-local - host.docker.internal" id="Test Suites/Test Suite_multi-browsers">
      <properties>
         <property name="deviceName" value=""/>
         <property name="devicePlatform" value=""/>
         <property name="logFolder" value="C:\\Users\\LAP15239-local\\Katalon Studio\\git\\katalon\\Reports\\20230211_201439\\Test Suite_multi-browsers\\20230211_201442"/>
         <property name="logFiles" value="C:\\Users\\LAP15239-local\\Katalon Studio\\git\\katalon\\Reports\\20230211_201439\\Test Suite_multi-browsers\\20230211_201442\\execution0.log"/>
         <property name="attachments" value=""/>
         <property name="hostName" value="LAP15239-local - host.docker.internal"/>
         <property name="hostAddress" value="172.25.40.193"/>
         <property name="os" value="Windows 10 64bit"/>
         <property name="katalonVersion" value="8.5.5.208"/>
      </properties>
      <testcase name="Test Cases/1.MKP/Explore/Verify that Explore_Collections_is displayed successfully" time="1.491" classname="Test Cases/1.MKP/Explore/Verify that Explore_Collections_is displayed successfully" status="ERROR">
         <error type="ERROR" message="Test Cases/1.MKP/Explore/Verify that Explore_Collections_is displayed successfully FAILED.
Reason:
com.kms.katalon.core.exception.StepErrorException: Call Test Case 'Test Cases/1.MKP/BeforeTest/OpenMultiBrowsers_trying' failed because of error(s)
	at com.kms.katalon.core.keyword.builtin.CallTestCaseKeyword$_callTestCase_closure1.doCall(CallTestCaseKeyword.groovy:66)
	at com.kms.katalon.core.keyword.builtin.CallTestCaseKeyword$_callTestCase_closure1.call(CallTestCaseKeyword.groovy)
	at com.kms.katalon.core.keyword.internal.KeywordMain.runKeyword(KeywordMain.groovy:74)
	at com.kms.katalon.core.keyword.builtin.CallTestCaseKeyword.callTestCase(CallTestCaseKeyword.groovy:81)
	at com.kms.katalon.core.keyword.builtin.CallTestCaseKeyword.execute(CallTestCaseKeyword.groovy:44)
	at com.kms.katalon.core.keyword.internal.KeywordExecutor.executeKeywordForPlatform(KeywordExecutor.groovy:74)
	at com.kms.katalon.core.keyword.BuiltinKeywords.callTestCase(BuiltinKeywords.groovy:334)
	at Verify that Explore_Collections_is displayed successfully.run(Verify that Explore_Collections_is displayed successfully:20)
	at com.kms.katalon.core.main.ScriptEngine.run(ScriptEngine.java:194)
	at com.kms.katalon.core.main.ScriptEngine.runScriptAsRawText(ScriptEngine.java:119)
	at com.kms.katalon.core.main.TestCaseExecutor.runScript(TestCaseExecutor.java:448)
	at com.kms.katalon.core.main.TestCaseExecutor.doExecute(TestCaseExecutor.java:439)
	at com.kms.katalon.core.main.TestCaseExecutor.processExecutionPhase(TestCaseExecutor.java:418)
	at com.kms.katalon.core.main.TestCaseExecutor.accessMainPhase(TestCaseExecutor.java:410)
	at com.kms.katalon.core.main.TestCaseExecutor.execute(TestCaseExecutor.java:285)
	at com.kms.katalon.core.common.CommonExecutor.accessTestCaseMainPhase(CommonExecutor.java:65)
	at com.kms.katalon.core.main.TestSuiteExecutor.accessTestSuiteMainPhase(TestSuiteExecutor.java:151)
	at com.kms.katalon.core.main.TestSuiteExecutor.execute(TestSuiteExecutor.java:106)
	at com.kms.katalon.core.main.TestCaseMain.startTestSuite(TestCaseMain.java:185)
	at com.kms.katalon.core.main.TestCaseMain$startTestSuite$0.call(Unknown Source)
	at TempTestSuite1676121282705.run(TempTestSuite1676121282705.groovy:36)
Caused by: org.codehaus.groovy.control.MultipleCompilationErrorsException: startup failed:
file:/C:/Users/LAP15239-local/Katalon%20Studio/git/katalon/Scripts/1.MKP/BeforeTest/OpenMultiBrowsers_trying/Script1676120919473.groovy: 28: unable to resolve class WebUIDriverType 
 @ line 28, column 17.
   WebUIDriverType executedBrowser = DriverFactory.getExecutedBrowser()
                   ^

file:/C:/Users/LAP15239-local/Katalon%20Studio/git/katalon/Scripts/1.MKP/BeforeTest/OpenMultiBrowsers_trying/Script1676120919473.groovy: 45: unable to resolve class FirefoxProfile 
 @ line 45, column 18.
   		FirefoxProfile FF = profile.getProfile(&quot;SeleniumFF&quot;);
                    ^

file:/C:/Users/LAP15239-local/Katalon%20Studio/git/katalon/Scripts/1.MKP/BeforeTest/OpenMultiBrowsers_trying/Script1676120919473.groovy: 46: unable to resolve class FirefoxOptions 
 @ line 46, column 18.
   		FirefoxOptions options = new FirefoxOptions().setProfile(FF);
                    ^

file:/C:/Users/LAP15239-local/Katalon%20Studio/git/katalon/Scripts/1.MKP/BeforeTest/OpenMultiBrowsers_trying/Script1676120919473.groovy: 46: unable to resolve class FirefoxOptions 
 @ line 46, column 28.
   		FirefoxOptions options = new FirefoxOptions().setProfile(FF);
                              ^

file:/C:/Users/LAP15239-local/Katalon%20Studio/git/katalon/Scripts/1.MKP/BeforeTest/OpenMultiBrowsers_trying/Script1676120919473.groovy: 48: unable to resolve class FirefoxDriver 
 @ line 48, column 22.
   		WebDriver driver = new FirefoxDriver(options);
                        ^

5 errors

	at com.kms.katalon.core.main.ScriptEngine.getScript(ScriptEngine.java:199)
	at com.kms.katalon.core.main.ScriptEngine.run(ScriptEngine.java:194)
	at com.kms.katalon.core.main.ScriptEngine.runScriptAsRawText(ScriptEngine.java:119)
	at com.kms.katalon.core.main.TestCaseExecutor.runScript(TestCaseExecutor.java:448)
	at com.kms.katalon.core.main.TestCaseExecutor.doExecute(TestCaseExecutor.java:439)
	at com.kms.katalon.core.main.TestCaseExecutor.processExecutionPhase(TestCaseExecutor.java:418)
	at com.kms.katalon.core.main.TestCaseExecutor.accessMainPhase(TestCaseExecutor.java:410)
	at com.kms.katalon.core.main.TestCaseExecutor.execute(TestCaseExecutor.java:285)
	at com.kms.katalon.core.main.TestCaseMain.runTestCase(TestCaseMain.java:142)
	at com.kms.katalon.core.keyword.builtin.CallTestCaseKeyword$_callTestCase_closure1.doCall(CallTestCaseKeyword.groovy:59)
	... 20 more
"/>
         <system-out><![CDATA[2023-02-11 20:15:00 - [TEST_CASE][ERROR] - Test Cases/1.MKP/Explore/Verify that Explore_Collections_is displayed successfully: Test Cases/1.MKP/Explore/Verify that Explore_Collections_is displayed successfully FAILED.
Reason:
com.kms.katalon.core.exception.StepErrorException: Call Test Case 'Test Cases/1.MKP/BeforeTest/OpenMultiBrowsers_trying' failed because of error(s)
	at com.kms.katalon.core.keyword.builtin.CallTestCaseKeyword$_callTestCase_closure1.doCall(CallTestCaseKeyword.groovy:66)
	at com.kms.katalon.core.keyword.builtin.CallTestCaseKeyword$_callTestCase_closure1.call(CallTestCaseKeyword.groovy)
	at com.kms.katalon.core.keyword.internal.KeywordMain.runKeyword(KeywordMain.groovy:74)
	at com.kms.katalon.core.keyword.builtin.CallTestCaseKeyword.callTestCase(CallTestCaseKeyword.groovy:81)
	at com.kms.katalon.core.keyword.builtin.CallTestCaseKeyword.execute(CallTestCaseKeyword.groovy:44)
	at com.kms.katalon.core.keyword.internal.KeywordExecutor.executeKeywordForPlatform(KeywordExecutor.groovy:74)
	at com.kms.katalon.core.keyword.BuiltinKeywords.callTestCase(BuiltinKeywords.groovy:334)
	at Verify that Explore_Collections_is displayed successfully.run(Verify that Explore_Collections_is displayed successfully:20)
	at com.kms.katalon.core.main.ScriptEngine.run(ScriptEngine.java:194)
	at com.kms.katalon.core.main.ScriptEngine.runScriptAsRawText(ScriptEngine.java:119)
	at com.kms.katalon.core.main.TestCaseExecutor.runScript(TestCaseExecutor.java:448)
	at com.kms.katalon.core.main.TestCaseExecutor.doExecute(TestCaseExecutor.java:439)
	at com.kms.katalon.core.main.TestCaseExecutor.processExecutionPhase(TestCaseExecutor.java:418)
	at com.kms.katalon.core.main.TestCaseExecutor.accessMainPhase(TestCaseExecutor.java:410)
	at com.kms.katalon.core.main.TestCaseExecutor.execute(TestCaseExecutor.java:285)
	at com.kms.katalon.core.common.CommonExecutor.accessTestCaseMainPhase(CommonExecutor.java:65)
	at com.kms.katalon.core.main.TestSuiteExecutor.accessTestSuiteMainPhase(TestSuiteExecutor.java:151)
	at com.kms.katalon.core.main.TestSuiteExecutor.execute(TestSuiteExecutor.java:106)
	at com.kms.katalon.core.main.TestCaseMain.startTestSuite(TestCaseMain.java:185)
	at com.kms.katalon.core.main.TestCaseMain$startTestSuite$0.call(Unknown Source)
	at TempTestSuite1676121282705.run(TempTestSuite1676121282705.groovy:36)
Caused by: org.codehaus.groovy.control.MultipleCompilationErrorsException: startup failed:
file:/C:/Users/LAP15239-local/Katalon%20Studio/git/katalon/Scripts/1.MKP/BeforeTest/OpenMultiBrowsers_trying/Script1676120919473.groovy: 28: unable to resolve class WebUIDriverType 
 @ line 28, column 17.
   WebUIDriverType executedBrowser = DriverFactory.getExecutedBrowser()
                   ^

file:/C:/Users/LAP15239-local/Katalon%20Studio/git/katalon/Scripts/1.MKP/BeforeTest/OpenMultiBrowsers_trying/Script1676120919473.groovy: 45: unable to resolve class FirefoxProfile 
 @ line 45, column 18.
   		FirefoxProfile FF = profile.getProfile("SeleniumFF");
                    ^

file:/C:/Users/LAP15239-local/Katalon%20Studio/git/katalon/Scripts/1.MKP/BeforeTest/OpenMultiBrowsers_trying/Script1676120919473.groovy: 46: unable to resolve class FirefoxOptions 
 @ line 46, column 18.
   		FirefoxOptions options = new FirefoxOptions().setProfile(FF);
                    ^

file:/C:/Users/LAP15239-local/Katalon%20Studio/git/katalon/Scripts/1.MKP/BeforeTest/OpenMultiBrowsers_trying/Script1676120919473.groovy: 46: unable to resolve class FirefoxOptions 
 @ line 46, column 28.
   		FirefoxOptions options = new FirefoxOptions().setProfile(FF);
                              ^

file:/C:/Users/LAP15239-local/Katalon%20Studio/git/katalon/Scripts/1.MKP/BeforeTest/OpenMultiBrowsers_trying/Script1676120919473.groovy: 48: unable to resolve class FirefoxDriver 
 @ line 48, column 22.
   		WebDriver driver = new FirefoxDriver(options);
                        ^

5 errors

	at com.kms.katalon.core.main.ScriptEngine.getScript(ScriptEngine.java:199)
	at com.kms.katalon.core.main.ScriptEngine.run(ScriptEngine.java:194)
	at com.kms.katalon.core.main.ScriptEngine.runScriptAsRawText(ScriptEngine.java:119)
	at com.kms.katalon.core.main.TestCaseExecutor.runScript(TestCaseExecutor.java:448)
	at com.kms.katalon.core.main.TestCaseExecutor.doExecute(TestCaseExecutor.java:439)
	at com.kms.katalon.core.main.TestCaseExecutor.processExecutionPhase(TestCaseExecutor.java:418)
	at com.kms.katalon.core.main.TestCaseExecutor.accessMainPhase(TestCaseExecutor.java:410)
	at com.kms.katalon.core.main.TestCaseExecutor.execute(TestCaseExecutor.java:285)
	at com.kms.katalon.core.main.TestCaseMain.runTestCase(TestCaseMain.java:142)
	at com.kms.katalon.core.keyword.builtin.CallTestCaseKeyword$_callTestCase_closure1.doCall(CallTestCaseKeyword.groovy:59)
	... 20 more


2023-02-11 20:15:00 - [TEST_STEP][PASSED] - Start listener action : sampleBeforeTestCase: null

2023-02-11 20:15:00 - [TEST_STEP][PASSED] - println("
... I am Listener inside sampleBeforeTestCase function"): null

2023-02-11 20:15:00 - [TEST_STEP][ERROR] - callTestCase(findTestCase("1.MKP/BeforeTest/OpenMultiBrowsers_trying"), [:], STOP_ON_FAILURE): Test Cases/1.MKP/Explore/Verify that Explore_Collections_is displayed successfully FAILED.
Reason:
com.kms.katalon.core.exception.StepErrorException: Call Test Case 'Test Cases/1.MKP/BeforeTest/OpenMultiBrowsers_trying' failed because of error(s)
	at com.kms.katalon.core.keyword.builtin.CallTestCaseKeyword$_callTestCase_closure1.doCall(CallTestCaseKeyword.groovy:66)
	at com.kms.katalon.core.keyword.builtin.CallTestCaseKeyword$_callTestCase_closure1.call(CallTestCaseKeyword.groovy)
	at com.kms.katalon.core.keyword.internal.KeywordMain.runKeyword(KeywordMain.groovy:74)
	at com.kms.katalon.core.keyword.builtin.CallTestCaseKeyword.callTestCase(CallTestCaseKeyword.groovy:81)
	at com.kms.katalon.core.keyword.builtin.CallTestCaseKeyword.execute(CallTestCaseKeyword.groovy:44)
	at com.kms.katalon.core.keyword.internal.KeywordExecutor.executeKeywordForPlatform(KeywordExecutor.groovy:74)
	at com.kms.katalon.core.keyword.BuiltinKeywords.callTestCase(BuiltinKeywords.groovy:334)
	at Verify that Explore_Collections_is displayed successfully.run(Verify that Explore_Collections_is displayed successfully:20)
	at com.kms.katalon.core.main.ScriptEngine.run(ScriptEngine.java:194)
	at com.kms.katalon.core.main.ScriptEngine.runScriptAsRawText(ScriptEngine.java:119)
	at com.kms.katalon.core.main.TestCaseExecutor.runScript(TestCaseExecutor.java:448)
	at com.kms.katalon.core.main.TestCaseExecutor.doExecute(TestCaseExecutor.java:439)
	at com.kms.katalon.core.main.TestCaseExecutor.processExecutionPhase(TestCaseExecutor.java:418)
	at com.kms.katalon.core.main.TestCaseExecutor.accessMainPhase(TestCaseExecutor.java:410)
	at com.kms.katalon.core.main.TestCaseExecutor.execute(TestCaseExecutor.java:285)
	at com.kms.katalon.core.common.CommonExecutor.accessTestCaseMainPhase(CommonExecutor.java:65)
	at com.kms.katalon.core.main.TestSuiteExecutor.accessTestSuiteMainPhase(TestSuiteExecutor.java:151)
	at com.kms.katalon.core.main.TestSuiteExecutor.execute(TestSuiteExecutor.java:106)
	at com.kms.katalon.core.main.TestCaseMain.startTestSuite(TestCaseMain.java:185)
	at com.kms.katalon.core.main.TestCaseMain$startTestSuite$0.call(Unknown Source)
	at TempTestSuite1676121282705.run(TempTestSuite1676121282705.groovy:36)
Caused by: org.codehaus.groovy.control.MultipleCompilationErrorsException: startup failed:
file:/C:/Users/LAP15239-local/Katalon%20Studio/git/katalon/Scripts/1.MKP/BeforeTest/OpenMultiBrowsers_trying/Script1676120919473.groovy: 28: unable to resolve class WebUIDriverType 
 @ line 28, column 17.
   WebUIDriverType executedBrowser = DriverFactory.getExecutedBrowser()
                   ^

file:/C:/Users/LAP15239-local/Katalon%20Studio/git/katalon/Scripts/1.MKP/BeforeTest/OpenMultiBrowsers_trying/Script1676120919473.groovy: 45: unable to resolve class FirefoxProfile 
 @ line 45, column 18.
   		FirefoxProfile FF = profile.getProfile("SeleniumFF");
                    ^

file:/C:/Users/LAP15239-local/Katalon%20Studio/git/katalon/Scripts/1.MKP/BeforeTest/OpenMultiBrowsers_trying/Script1676120919473.groovy: 46: unable to resolve class FirefoxOptions 
 @ line 46, column 18.
   		FirefoxOptions options = new FirefoxOptions().setProfile(FF);
                    ^

file:/C:/Users/LAP15239-local/Katalon%20Studio/git/katalon/Scripts/1.MKP/BeforeTest/OpenMultiBrowsers_trying/Script1676120919473.groovy: 46: unable to resolve class FirefoxOptions 
 @ line 46, column 28.
   		FirefoxOptions options = new FirefoxOptions().setProfile(FF);
                              ^

file:/C:/Users/LAP15239-local/Katalon%20Studio/git/katalon/Scripts/1.MKP/BeforeTest/OpenMultiBrowsers_trying/Script1676120919473.groovy: 48: unable to resolve class FirefoxDriver 
 @ line 48, column 22.
   		WebDriver driver = new FirefoxDriver(options);
                        ^

5 errors

	at com.kms.katalon.core.main.ScriptEngine.getScript(ScriptEngine.java:199)
	at com.kms.katalon.core.main.ScriptEngine.run(ScriptEngine.java:194)
	at com.kms.katalon.core.main.ScriptEngine.runScriptAsRawText(ScriptEngine.java:119)
	at com.kms.katalon.core.main.TestCaseExecutor.runScript(TestCaseExecutor.java:448)
	at com.kms.katalon.core.main.TestCaseExecutor.doExecute(TestCaseExecutor.java:439)
	at com.kms.katalon.core.main.TestCaseExecutor.processExecutionPhase(TestCaseExecutor.java:418)
	at com.kms.katalon.core.main.TestCaseExecutor.accessMainPhase(TestCaseExecutor.java:410)
	at com.kms.katalon.core.main.TestCaseExecutor.execute(TestCaseExecutor.java:285)
	at com.kms.katalon.core.main.TestCaseMain.runTestCase(TestCaseMain.java:142)
	at com.kms.katalon.core.keyword.builtin.CallTestCaseKeyword$_callTestCase_closure1.doCall(CallTestCaseKeyword.groovy:59)
	... 20 more


2023-02-11 20:15:00 - [TEST_CASE][ERROR] - Test Cases/1.MKP/BeforeTest/OpenMultiBrowsers_trying: Test Cases/1.MKP/BeforeTest/OpenMultiBrowsers_trying FAILED.
Reason:
org.codehaus.groovy.control.MultipleCompilationErrorsException: startup failed:
file:/C:/Users/LAP15239-local/Katalon%20Studio/git/katalon/Scripts/1.MKP/BeforeTest/OpenMultiBrowsers_trying/Script1676120919473.groovy: 28: unable to resolve class WebUIDriverType 
 @ line 28, column 17.
   WebUIDriverType executedBrowser = DriverFactory.getExecutedBrowser()
                   ^

file:/C:/Users/LAP15239-local/Katalon%20Studio/git/katalon/Scripts/1.MKP/BeforeTest/OpenMultiBrowsers_trying/Script1676120919473.groovy: 45: unable to resolve class FirefoxProfile 
 @ line 45, column 18.
   		FirefoxProfile FF = profile.getProfile("SeleniumFF");
                    ^

file:/C:/Users/LAP15239-local/Katalon%20Studio/git/katalon/Scripts/1.MKP/BeforeTest/OpenMultiBrowsers_trying/Script1676120919473.groovy: 46: unable to resolve class FirefoxOptions 
 @ line 46, column 18.
   		FirefoxOptions options = new FirefoxOptions().setProfile(FF);
                    ^

file:/C:/Users/LAP15239-local/Katalon%20Studio/git/katalon/Scripts/1.MKP/BeforeTest/OpenMultiBrowsers_trying/Script1676120919473.groovy: 46: unable to resolve class FirefoxOptions 
 @ line 46, column 28.
   		FirefoxOptions options = new FirefoxOptions().setProfile(FF);
                              ^

file:/C:/Users/LAP15239-local/Katalon%20Studio/git/katalon/Scripts/1.MKP/BeforeTest/OpenMultiBrowsers_trying/Script1676120919473.groovy: 48: unable to resolve class FirefoxDriver 
 @ line 48, column 22.
   		WebDriver driver = new FirefoxDriver(options);
                        ^

5 errors

	at com.kms.katalon.core.main.ScriptEngine.getScript(ScriptEngine.java:199)
	at com.kms.katalon.core.main.ScriptEngine.run(ScriptEngine.java:194)
	at com.kms.katalon.core.main.ScriptEngine.runScriptAsRawText(ScriptEngine.java:119)
	at com.kms.katalon.core.main.TestCaseExecutor.runScript(TestCaseExecutor.java:448)
	at com.kms.katalon.core.main.TestCaseExecutor.doExecute(TestCaseExecutor.java:439)
	at com.kms.katalon.core.main.TestCaseExecutor.processExecutionPhase(TestCaseExecutor.java:418)
	at com.kms.katalon.core.main.TestCaseExecutor.accessMainPhase(TestCaseExecutor.java:410)
	at com.kms.katalon.core.main.TestCaseExecutor.execute(TestCaseExecutor.java:285)
	at com.kms.katalon.core.main.TestCaseMain.runTestCase(TestCaseMain.java:142)
	at com.kms.katalon.core.keyword.builtin.CallTestCaseKeyword$_callTestCase_closure1.doCall(CallTestCaseKeyword.groovy:59)
	at com.kms.katalon.core.keyword.builtin.CallTestCaseKeyword$_callTestCase_closure1.call(CallTestCaseKeyword.groovy)
	at com.kms.katalon.core.keyword.internal.KeywordMain.runKeyword(KeywordMain.groovy:74)
	at com.kms.katalon.core.keyword.builtin.CallTestCaseKeyword.callTestCase(CallTestCaseKeyword.groovy:81)
	at com.kms.katalon.core.keyword.builtin.CallTestCaseKeyword.execute(CallTestCaseKeyword.groovy:44)
	at com.kms.katalon.core.keyword.internal.KeywordExecutor.executeKeywordForPlatform(KeywordExecutor.groovy:74)
	at com.kms.katalon.core.keyword.BuiltinKeywords.callTestCase(BuiltinKeywords.groovy:334)
	at Verify that Explore_Collections_is displayed successfully.run(Verify that Explore_Collections_is displayed successfully:20)
	at com.kms.katalon.core.main.ScriptEngine.run(ScriptEngine.java:194)
	at com.kms.katalon.core.main.ScriptEngine.runScriptAsRawText(ScriptEngine.java:119)
	at com.kms.katalon.core.main.TestCaseExecutor.runScript(TestCaseExecutor.java:448)
	at com.kms.katalon.core.main.TestCaseExecutor.doExecute(TestCaseExecutor.java:439)
	at com.kms.katalon.core.main.TestCaseExecutor.processExecutionPhase(TestCaseExecutor.java:418)
	at com.kms.katalon.core.main.TestCaseExecutor.accessMainPhase(TestCaseExecutor.java:410)
	at com.kms.katalon.core.main.TestCaseExecutor.execute(TestCaseExecutor.java:285)
	at com.kms.katalon.core.common.CommonExecutor.accessTestCaseMainPhase(CommonExecutor.java:65)
	at com.kms.katalon.core.main.TestSuiteExecutor.accessTestSuiteMainPhase(TestSuiteExecutor.java:151)
	at com.kms.katalon.core.main.TestSuiteExecutor.execute(TestSuiteExecutor.java:106)
	at com.kms.katalon.core.main.TestCaseMain.startTestSuite(TestCaseMain.java:185)
	at com.kms.katalon.core.main.TestCaseMain$startTestSuite$0.call(Unknown Source)
	at TempTestSuite1676121282705.run(TempTestSuite1676121282705.groovy:36)


2023-02-11 20:15:01 - [MESSAGE][FAILED] - Unable to call Test Case 'Test Cases/1.MKP/BeforeTest/OpenMultiBrowsers_trying' (Root cause: com.kms.katalon.core.exception.StepErrorException: Call Test Case 'Test Cases/1.MKP/BeforeTest/OpenMultiBrowsers_trying' failed because of error(s)
	at com.kms.katalon.core.keyword.builtin.CallTestCaseKeyword$_callTestCase_closure1.doCall(CallTestCaseKeyword.groovy:66)
	at com.kms.katalon.core.keyword.builtin.CallTestCaseKeyword$_callTestCase_closure1.call(CallTestCaseKeyword.groovy)
	at com.kms.katalon.core.keyword.internal.KeywordMain.runKeyword(KeywordMain.groovy:74)
	at com.kms.katalon.core.keyword.builtin.CallTestCaseKeyword.callTestCase(CallTestCaseKeyword.groovy:81)
	at com.kms.katalon.core.keyword.builtin.CallTestCaseKeyword.execute(CallTestCaseKeyword.groovy:44)
	at com.kms.katalon.core.keyword.internal.KeywordExecutor.executeKeywordForPlatform(KeywordExecutor.groovy:74)
	at com.kms.katalon.core.keyword.BuiltinKeywords.callTestCase(BuiltinKeywords.groovy:334)
	at Verify that Explore_Collections_is displayed successfully.run(Verify that Explore_Collections_is displayed successfully:20)
	at com.kms.katalon.core.main.ScriptEngine.run(ScriptEngine.java:194)
	at com.kms.katalon.core.main.ScriptEngine.runScriptAsRawText(ScriptEngine.java:119)
	at com.kms.katalon.core.main.TestCaseExecutor.runScript(TestCaseExecutor.java:448)
	at com.kms.katalon.core.main.TestCaseExecutor.doExecute(TestCaseExecutor.java:439)
	at com.kms.katalon.core.main.TestCaseExecutor.processExecutionPhase(TestCaseExecutor.java:418)
	at com.kms.katalon.core.main.TestCaseExecutor.accessMainPhase(TestCaseExecutor.java:410)
	at com.kms.katalon.core.main.TestCaseExecutor.execute(TestCaseExecutor.java:285)
	at com.kms.katalon.core.common.CommonExecutor.accessTestCaseMainPhase(CommonExecutor.java:65)
	at com.kms.katalon.core.main.TestSuiteExecutor.accessTestSuiteMainPhase(TestSuiteExecutor.java:151)
	at com.kms.katalon.core.main.TestSuiteExecutor.execute(TestSuiteExecutor.java:106)
	at com.kms.katalon.core.main.TestCaseMain.startTestSuite(TestCaseMain.java:185)
	at com.kms.katalon.core.main.TestCaseMain$startTestSuite$0.call(Unknown Source)
	at TempTestSuite1676121282705.run(TempTestSuite1676121282705.groovy:36)
Caused by: org.codehaus.groovy.control.MultipleCompilationErrorsException: startup failed:
file:/C:/Users/LAP15239-local/Katalon%20Studio/git/katalon/Scripts/1.MKP/BeforeTest/OpenMultiBrowsers_trying/Script1676120919473.groovy: 28: unable to resolve class WebUIDriverType 
 @ line 28, column 17.
   WebUIDriverType executedBrowser = DriverFactory.getExecutedBrowser()
                   ^

file:/C:/Users/LAP15239-local/Katalon%20Studio/git/katalon/Scripts/1.MKP/BeforeTest/OpenMultiBrowsers_trying/Script1676120919473.groovy: 45: unable to resolve class FirefoxProfile 
 @ line 45, column 18.
   		FirefoxProfile FF = profile.getProfile("SeleniumFF");
                    ^

file:/C:/Users/LAP15239-local/Katalon%20Studio/git/katalon/Scripts/1.MKP/BeforeTest/OpenMultiBrowsers_trying/Script1676120919473.groovy: 46: unable to resolve class FirefoxOptions 
 @ line 46, column 18.
   		FirefoxOptions options = new FirefoxOptions().setProfile(FF);
                    ^

file:/C:/Users/LAP15239-local/Katalon%20Studio/git/katalon/Scripts/1.MKP/BeforeTest/OpenMultiBrowsers_trying/Script1676120919473.groovy: 46: unable to resolve class FirefoxOptions 
 @ line 46, column 28.
   		FirefoxOptions options = new FirefoxOptions().setProfile(FF);
                              ^

file:/C:/Users/LAP15239-local/Katalon%20Studio/git/katalon/Scripts/1.MKP/BeforeTest/OpenMultiBrowsers_trying/Script1676120919473.groovy: 48: unable to resolve class FirefoxDriver 
 @ line 48, column 22.
   		WebDriver driver = new FirefoxDriver(options);
                        ^

5 errors

	at com.kms.katalon.core.main.ScriptEngine.getScript(ScriptEngine.java:199)
	at com.kms.katalon.core.main.ScriptEngine.run(ScriptEngine.java:194)
	at com.kms.katalon.core.main.ScriptEngine.runScriptAsRawText(ScriptEngine.java:119)
	at com.kms.katalon.core.main.TestCaseExecutor.runScript(TestCaseExecutor.java:448)
	at com.kms.katalon.core.main.TestCaseExecutor.doExecute(TestCaseExecutor.java:439)
	at com.kms.katalon.core.main.TestCaseExecutor.processExecutionPhase(TestCaseExecutor.java:418)
	at com.kms.katalon.core.main.TestCaseExecutor.accessMainPhase(TestCaseExecutor.java:410)
	at com.kms.katalon.core.main.TestCaseExecutor.execute(TestCaseExecutor.java:285)
	at com.kms.katalon.core.main.TestCaseMain.runTestCase(TestCaseMain.java:142)
	at com.kms.katalon.core.keyword.builtin.CallTestCaseKeyword$_callTestCase_closure1.doCall(CallTestCaseKeyword.groovy:59)
	... 20 more
)

2023-02-11 20:15:01 - [MESSAGE][ERROR] - Test Cases/1.MKP/Explore/Verify that Explore_Collections_is displayed successfully FAILED.
Reason:
com.kms.katalon.core.exception.StepErrorException: Call Test Case 'Test Cases/1.MKP/BeforeTest/OpenMultiBrowsers_trying' failed because of error(s)
	at com.kms.katalon.core.keyword.builtin.CallTestCaseKeyword$_callTestCase_closure1.doCall(CallTestCaseKeyword.groovy:66)
	at com.kms.katalon.core.keyword.builtin.CallTestCaseKeyword$_callTestCase_closure1.call(CallTestCaseKeyword.groovy)
	at com.kms.katalon.core.keyword.internal.KeywordMain.runKeyword(KeywordMain.groovy:74)
	at com.kms.katalon.core.keyword.builtin.CallTestCaseKeyword.callTestCase(CallTestCaseKeyword.groovy:81)
	at com.kms.katalon.core.keyword.builtin.CallTestCaseKeyword.execute(CallTestCaseKeyword.groovy:44)
	at com.kms.katalon.core.keyword.internal.KeywordExecutor.executeKeywordForPlatform(KeywordExecutor.groovy:74)
	at com.kms.katalon.core.keyword.BuiltinKeywords.callTestCase(BuiltinKeywords.groovy:334)
	at Verify that Explore_Collections_is displayed successfully.run(Verify that Explore_Collections_is displayed successfully:20)
	at com.kms.katalon.core.main.ScriptEngine.run(ScriptEngine.java:194)
	at com.kms.katalon.core.main.ScriptEngine.runScriptAsRawText(ScriptEngine.java:119)
	at com.kms.katalon.core.main.TestCaseExecutor.runScript(TestCaseExecutor.java:448)
	at com.kms.katalon.core.main.TestCaseExecutor.doExecute(TestCaseExecutor.java:439)
	at com.kms.katalon.core.main.TestCaseExecutor.processExecutionPhase(TestCaseExecutor.java:418)
	at com.kms.katalon.core.main.TestCaseExecutor.accessMainPhase(TestCaseExecutor.java:410)
	at com.kms.katalon.core.main.TestCaseExecutor.execute(TestCaseExecutor.java:285)
	at com.kms.katalon.core.common.CommonExecutor.accessTestCaseMainPhase(CommonExecutor.java:65)
	at com.kms.katalon.core.main.TestSuiteExecutor.accessTestSuiteMainPhase(TestSuiteExecutor.java:151)
	at com.kms.katalon.core.main.TestSuiteExecutor.execute(TestSuiteExecutor.java:106)
	at com.kms.katalon.core.main.TestCaseMain.startTestSuite(TestCaseMain.java:185)
	at com.kms.katalon.core.main.TestCaseMain$startTestSuite$0.call(Unknown Source)
	at TempTestSuite1676121282705.run(TempTestSuite1676121282705.groovy:36)
Caused by: org.codehaus.groovy.control.MultipleCompilationErrorsException: startup failed:
file:/C:/Users/LAP15239-local/Katalon%20Studio/git/katalon/Scripts/1.MKP/BeforeTest/OpenMultiBrowsers_trying/Script1676120919473.groovy: 28: unable to resolve class WebUIDriverType 
 @ line 28, column 17.
   WebUIDriverType executedBrowser = DriverFactory.getExecutedBrowser()
                   ^

file:/C:/Users/LAP15239-local/Katalon%20Studio/git/katalon/Scripts/1.MKP/BeforeTest/OpenMultiBrowsers_trying/Script1676120919473.groovy: 45: unable to resolve class FirefoxProfile 
 @ line 45, column 18.
   		FirefoxProfile FF = profile.getProfile("SeleniumFF");
                    ^

file:/C:/Users/LAP15239-local/Katalon%20Studio/git/katalon/Scripts/1.MKP/BeforeTest/OpenMultiBrowsers_trying/Script1676120919473.groovy: 46: unable to resolve class FirefoxOptions 
 @ line 46, column 18.
   		FirefoxOptions options = new FirefoxOptions().setProfile(FF);
                    ^

file:/C:/Users/LAP15239-local/Katalon%20Studio/git/katalon/Scripts/1.MKP/BeforeTest/OpenMultiBrowsers_trying/Script1676120919473.groovy: 46: unable to resolve class FirefoxOptions 
 @ line 46, column 28.
   		FirefoxOptions options = new FirefoxOptions().setProfile(FF);
                              ^

file:/C:/Users/LAP15239-local/Katalon%20Studio/git/katalon/Scripts/1.MKP/BeforeTest/OpenMultiBrowsers_trying/Script1676120919473.groovy: 48: unable to resolve class FirefoxDriver 
 @ line 48, column 22.
   		WebDriver driver = new FirefoxDriver(options);
                        ^

5 errors

	at com.kms.katalon.core.main.ScriptEngine.getScript(ScriptEngine.java:199)
	at com.kms.katalon.core.main.ScriptEngine.run(ScriptEngine.java:194)
	at com.kms.katalon.core.main.ScriptEngine.runScriptAsRawText(ScriptEngine.java:119)
	at com.kms.katalon.core.main.TestCaseExecutor.runScript(TestCaseExecutor.java:448)
	at com.kms.katalon.core.main.TestCaseExecutor.doExecute(TestCaseExecutor.java:439)
	at com.kms.katalon.core.main.TestCaseExecutor.processExecutionPhase(TestCaseExecutor.java:418)
	at com.kms.katalon.core.main.TestCaseExecutor.accessMainPhase(TestCaseExecutor.java:410)
	at com.kms.katalon.core.main.TestCaseExecutor.execute(TestCaseExecutor.java:285)
	at com.kms.katalon.core.main.TestCaseMain.runTestCase(TestCaseMain.java:142)
	at com.kms.katalon.core.keyword.builtin.CallTestCaseKeyword$_callTestCase_closure1.doCall(CallTestCaseKeyword.groovy:59)
	... 20 more


2023-02-11 20:15:01 - [TEST_STEP][PASSED] - Start listener action : sampleAfterTestCase: null

2023-02-11 20:15:01 - [TEST_STEP][PASSED] - println("
... I am Listener inside sampleAfterTestCase function"): null]]></system-out>
         <system-err><![CDATA[2023-02-11 20:15:00 - [TEST_CASE][ERROR] - Test Cases/1.MKP/Explore/Verify that Explore_Collections_is displayed successfully: Test Cases/1.MKP/Explore/Verify that Explore_Collections_is displayed successfully FAILED.
Reason:
com.kms.katalon.core.exception.StepErrorException: Call Test Case 'Test Cases/1.MKP/BeforeTest/OpenMultiBrowsers_trying' failed because of error(s)
	at com.kms.katalon.core.keyword.builtin.CallTestCaseKeyword$_callTestCase_closure1.doCall(CallTestCaseKeyword.groovy:66)
	at com.kms.katalon.core.keyword.builtin.CallTestCaseKeyword$_callTestCase_closure1.call(CallTestCaseKeyword.groovy)
	at com.kms.katalon.core.keyword.internal.KeywordMain.runKeyword(KeywordMain.groovy:74)
	at com.kms.katalon.core.keyword.builtin.CallTestCaseKeyword.callTestCase(CallTestCaseKeyword.groovy:81)
	at com.kms.katalon.core.keyword.builtin.CallTestCaseKeyword.execute(CallTestCaseKeyword.groovy:44)
	at com.kms.katalon.core.keyword.internal.KeywordExecutor.executeKeywordForPlatform(KeywordExecutor.groovy:74)
	at com.kms.katalon.core.keyword.BuiltinKeywords.callTestCase(BuiltinKeywords.groovy:334)
	at Verify that Explore_Collections_is displayed successfully.run(Verify that Explore_Collections_is displayed successfully:20)
	at com.kms.katalon.core.main.ScriptEngine.run(ScriptEngine.java:194)
	at com.kms.katalon.core.main.ScriptEngine.runScriptAsRawText(ScriptEngine.java:119)
	at com.kms.katalon.core.main.TestCaseExecutor.runScript(TestCaseExecutor.java:448)
	at com.kms.katalon.core.main.TestCaseExecutor.doExecute(TestCaseExecutor.java:439)
	at com.kms.katalon.core.main.TestCaseExecutor.processExecutionPhase(TestCaseExecutor.java:418)
	at com.kms.katalon.core.main.TestCaseExecutor.accessMainPhase(TestCaseExecutor.java:410)
	at com.kms.katalon.core.main.TestCaseExecutor.execute(TestCaseExecutor.java:285)
	at com.kms.katalon.core.common.CommonExecutor.accessTestCaseMainPhase(CommonExecutor.java:65)
	at com.kms.katalon.core.main.TestSuiteExecutor.accessTestSuiteMainPhase(TestSuiteExecutor.java:151)
	at com.kms.katalon.core.main.TestSuiteExecutor.execute(TestSuiteExecutor.java:106)
	at com.kms.katalon.core.main.TestCaseMain.startTestSuite(TestCaseMain.java:185)
	at com.kms.katalon.core.main.TestCaseMain$startTestSuite$0.call(Unknown Source)
	at TempTestSuite1676121282705.run(TempTestSuite1676121282705.groovy:36)
Caused by: org.codehaus.groovy.control.MultipleCompilationErrorsException: startup failed:
file:/C:/Users/LAP15239-local/Katalon%20Studio/git/katalon/Scripts/1.MKP/BeforeTest/OpenMultiBrowsers_trying/Script1676120919473.groovy: 28: unable to resolve class WebUIDriverType 
 @ line 28, column 17.
   WebUIDriverType executedBrowser = DriverFactory.getExecutedBrowser()
                   ^

file:/C:/Users/LAP15239-local/Katalon%20Studio/git/katalon/Scripts/1.MKP/BeforeTest/OpenMultiBrowsers_trying/Script1676120919473.groovy: 45: unable to resolve class FirefoxProfile 
 @ line 45, column 18.
   		FirefoxProfile FF = profile.getProfile("SeleniumFF");
                    ^

file:/C:/Users/LAP15239-local/Katalon%20Studio/git/katalon/Scripts/1.MKP/BeforeTest/OpenMultiBrowsers_trying/Script1676120919473.groovy: 46: unable to resolve class FirefoxOptions 
 @ line 46, column 18.
   		FirefoxOptions options = new FirefoxOptions().setProfile(FF);
                    ^

file:/C:/Users/LAP15239-local/Katalon%20Studio/git/katalon/Scripts/1.MKP/BeforeTest/OpenMultiBrowsers_trying/Script1676120919473.groovy: 46: unable to resolve class FirefoxOptions 
 @ line 46, column 28.
   		FirefoxOptions options = new FirefoxOptions().setProfile(FF);
                              ^

file:/C:/Users/LAP15239-local/Katalon%20Studio/git/katalon/Scripts/1.MKP/BeforeTest/OpenMultiBrowsers_trying/Script1676120919473.groovy: 48: unable to resolve class FirefoxDriver 
 @ line 48, column 22.
   		WebDriver driver = new FirefoxDriver(options);
                        ^

5 errors

	at com.kms.katalon.core.main.ScriptEngine.getScript(ScriptEngine.java:199)
	at com.kms.katalon.core.main.ScriptEngine.run(ScriptEngine.java:194)
	at com.kms.katalon.core.main.ScriptEngine.runScriptAsRawText(ScriptEngine.java:119)
	at com.kms.katalon.core.main.TestCaseExecutor.runScript(TestCaseExecutor.java:448)
	at com.kms.katalon.core.main.TestCaseExecutor.doExecute(TestCaseExecutor.java:439)
	at com.kms.katalon.core.main.TestCaseExecutor.processExecutionPhase(TestCaseExecutor.java:418)
	at com.kms.katalon.core.main.TestCaseExecutor.accessMainPhase(TestCaseExecutor.java:410)
	at com.kms.katalon.core.main.TestCaseExecutor.execute(TestCaseExecutor.java:285)
	at com.kms.katalon.core.main.TestCaseMain.runTestCase(TestCaseMain.java:142)
	at com.kms.katalon.core.keyword.builtin.CallTestCaseKeyword$_callTestCase_closure1.doCall(CallTestCaseKeyword.groovy:59)
	... 20 more]]></system-err>
      </testcase>
      <system-out><![CDATA[2023-02-11 20:14:59 - [TEST_SUITE][ERROR] - Test Suite_multi-browsers: Test Cases/1.MKP/Explore/Verify that Explore_Collections_is displayed successfully FAILED.
Reason:
com.kms.katalon.core.exception.StepErrorException: Call Test Case 'Test Cases/1.MKP/BeforeTest/OpenMultiBrowsers_trying' failed because of error(s)
	at com.kms.katalon.core.keyword.builtin.CallTestCaseKeyword$_callTestCase_closure1.doCall(CallTestCaseKeyword.groovy:66)
	at com.kms.katalon.core.keyword.builtin.CallTestCaseKeyword$_callTestCase_closure1.call(CallTestCaseKeyword.groovy)
	at com.kms.katalon.core.keyword.internal.KeywordMain.runKeyword(KeywordMain.groovy:74)
	at com.kms.katalon.core.keyword.builtin.CallTestCaseKeyword.callTestCase(CallTestCaseKeyword.groovy:81)
	at com.kms.katalon.core.keyword.builtin.CallTestCaseKeyword.execute(CallTestCaseKeyword.groovy:44)
	at com.kms.katalon.core.keyword.internal.KeywordExecutor.executeKeywordForPlatform(KeywordExecutor.groovy:74)
	at com.kms.katalon.core.keyword.BuiltinKeywords.callTestCase(BuiltinKeywords.groovy:334)
	at Verify that Explore_Collections_is displayed successfully.run(Verify that Explore_Collections_is displayed successfully:20)
	at com.kms.katalon.core.main.ScriptEngine.run(ScriptEngine.java:194)
	at com.kms.katalon.core.main.ScriptEngine.runScriptAsRawText(ScriptEngine.java:119)
	at com.kms.katalon.core.main.TestCaseExecutor.runScript(TestCaseExecutor.java:448)
	at com.kms.katalon.core.main.TestCaseExecutor.doExecute(TestCaseExecutor.java:439)
	at com.kms.katalon.core.main.TestCaseExecutor.processExecutionPhase(TestCaseExecutor.java:418)
	at com.kms.katalon.core.main.TestCaseExecutor.accessMainPhase(TestCaseExecutor.java:410)
	at com.kms.katalon.core.main.TestCaseExecutor.execute(TestCaseExecutor.java:285)
	at com.kms.katalon.core.common.CommonExecutor.accessTestCaseMainPhase(CommonExecutor.java:65)
	at com.kms.katalon.core.main.TestSuiteExecutor.accessTestSuiteMainPhase(TestSuiteExecutor.java:151)
	at com.kms.katalon.core.main.TestSuiteExecutor.execute(TestSuiteExecutor.java:106)
	at com.kms.katalon.core.main.TestCaseMain.startTestSuite(TestCaseMain.java:185)
	at com.kms.katalon.core.main.TestCaseMain$startTestSuite$0.call(Unknown Source)
	at TempTestSuite1676121282705.run(TempTestSuite1676121282705.groovy:36)
Caused by: org.codehaus.groovy.control.MultipleCompilationErrorsException: startup failed:
file:/C:/Users/LAP15239-local/Katalon%20Studio/git/katalon/Scripts/1.MKP/BeforeTest/OpenMultiBrowsers_trying/Script1676120919473.groovy: 28: unable to resolve class WebUIDriverType 
 @ line 28, column 17.
   WebUIDriverType executedBrowser = DriverFactory.getExecutedBrowser()
                   ^

file:/C:/Users/LAP15239-local/Katalon%20Studio/git/katalon/Scripts/1.MKP/BeforeTest/OpenMultiBrowsers_trying/Script1676120919473.groovy: 45: unable to resolve class FirefoxProfile 
 @ line 45, column 18.
   		FirefoxProfile FF = profile.getProfile("SeleniumFF");
                    ^

file:/C:/Users/LAP15239-local/Katalon%20Studio/git/katalon/Scripts/1.MKP/BeforeTest/OpenMultiBrowsers_trying/Script1676120919473.groovy: 46: unable to resolve class FirefoxOptions 
 @ line 46, column 18.
   		FirefoxOptions options = new FirefoxOptions().setProfile(FF);
                    ^

file:/C:/Users/LAP15239-local/Katalon%20Studio/git/katalon/Scripts/1.MKP/BeforeTest/OpenMultiBrowsers_trying/Script1676120919473.groovy: 46: unable to resolve class FirefoxOptions 
 @ line 46, column 28.
   		FirefoxOptions options = new FirefoxOptions().setProfile(FF);
                              ^

file:/C:/Users/LAP15239-local/Katalon%20Studio/git/katalon/Scripts/1.MKP/BeforeTest/OpenMultiBrowsers_trying/Script1676120919473.groovy: 48: unable to resolve class FirefoxDriver 
 @ line 48, column 22.
   		WebDriver driver = new FirefoxDriver(options);
                        ^

5 errors

	at com.kms.katalon.core.main.ScriptEngine.getScript(ScriptEngine.java:199)
	at com.kms.katalon.core.main.ScriptEngine.run(ScriptEngine.java:194)
	at com.kms.katalon.core.main.ScriptEngine.runScriptAsRawText(ScriptEngine.java:119)
	at com.kms.katalon.core.main.TestCaseExecutor.runScript(TestCaseExecutor.java:448)
	at com.kms.katalon.core.main.TestCaseExecutor.doExecute(TestCaseExecutor.java:439)
	at com.kms.katalon.core.main.TestCaseExecutor.processExecutionPhase(TestCaseExecutor.java:418)
	at com.kms.katalon.core.main.TestCaseExecutor.accessMainPhase(TestCaseExecutor.java:410)
	at com.kms.katalon.core.main.TestCaseExecutor.execute(TestCaseExecutor.java:285)
	at com.kms.katalon.core.main.TestCaseMain.runTestCase(TestCaseMain.java:142)
	at com.kms.katalon.core.keyword.builtin.CallTestCaseKeyword$_callTestCase_closure1.doCall(CallTestCaseKeyword.groovy:59)
	... 20 more]]></system-out>
      <system-err><![CDATA[2023-02-11 20:14:59 - [TEST_SUITE][ERROR] - Test Suite_multi-browsers: Test Cases/1.MKP/Explore/Verify that Explore_Collections_is displayed successfully FAILED.
Reason:
com.kms.katalon.core.exception.StepErrorException: Call Test Case 'Test Cases/1.MKP/BeforeTest/OpenMultiBrowsers_trying' failed because of error(s)
	at com.kms.katalon.core.keyword.builtin.CallTestCaseKeyword$_callTestCase_closure1.doCall(CallTestCaseKeyword.groovy:66)
	at com.kms.katalon.core.keyword.builtin.CallTestCaseKeyword$_callTestCase_closure1.call(CallTestCaseKeyword.groovy)
	at com.kms.katalon.core.keyword.internal.KeywordMain.runKeyword(KeywordMain.groovy:74)
	at com.kms.katalon.core.keyword.builtin.CallTestCaseKeyword.callTestCase(CallTestCaseKeyword.groovy:81)
	at com.kms.katalon.core.keyword.builtin.CallTestCaseKeyword.execute(CallTestCaseKeyword.groovy:44)
	at com.kms.katalon.core.keyword.internal.KeywordExecutor.executeKeywordForPlatform(KeywordExecutor.groovy:74)
	at com.kms.katalon.core.keyword.BuiltinKeywords.callTestCase(BuiltinKeywords.groovy:334)
	at Verify that Explore_Collections_is displayed successfully.run(Verify that Explore_Collections_is displayed successfully:20)
	at com.kms.katalon.core.main.ScriptEngine.run(ScriptEngine.java:194)
	at com.kms.katalon.core.main.ScriptEngine.runScriptAsRawText(ScriptEngine.java:119)
	at com.kms.katalon.core.main.TestCaseExecutor.runScript(TestCaseExecutor.java:448)
	at com.kms.katalon.core.main.TestCaseExecutor.doExecute(TestCaseExecutor.java:439)
	at com.kms.katalon.core.main.TestCaseExecutor.processExecutionPhase(TestCaseExecutor.java:418)
	at com.kms.katalon.core.main.TestCaseExecutor.accessMainPhase(TestCaseExecutor.java:410)
	at com.kms.katalon.core.main.TestCaseExecutor.execute(TestCaseExecutor.java:285)
	at com.kms.katalon.core.common.CommonExecutor.accessTestCaseMainPhase(CommonExecutor.java:65)
	at com.kms.katalon.core.main.TestSuiteExecutor.accessTestSuiteMainPhase(TestSuiteExecutor.java:151)
	at com.kms.katalon.core.main.TestSuiteExecutor.execute(TestSuiteExecutor.java:106)
	at com.kms.katalon.core.main.TestCaseMain.startTestSuite(TestCaseMain.java:185)
	at com.kms.katalon.core.main.TestCaseMain$startTestSuite$0.call(Unknown Source)
	at TempTestSuite1676121282705.run(TempTestSuite1676121282705.groovy:36)
Caused by: org.codehaus.groovy.control.MultipleCompilationErrorsException: startup failed:
file:/C:/Users/LAP15239-local/Katalon%20Studio/git/katalon/Scripts/1.MKP/BeforeTest/OpenMultiBrowsers_trying/Script1676120919473.groovy: 28: unable to resolve class WebUIDriverType 
 @ line 28, column 17.
   WebUIDriverType executedBrowser = DriverFactory.getExecutedBrowser()
                   ^

file:/C:/Users/LAP15239-local/Katalon%20Studio/git/katalon/Scripts/1.MKP/BeforeTest/OpenMultiBrowsers_trying/Script1676120919473.groovy: 45: unable to resolve class FirefoxProfile 
 @ line 45, column 18.
   		FirefoxProfile FF = profile.getProfile("SeleniumFF");
                    ^

file:/C:/Users/LAP15239-local/Katalon%20Studio/git/katalon/Scripts/1.MKP/BeforeTest/OpenMultiBrowsers_trying/Script1676120919473.groovy: 46: unable to resolve class FirefoxOptions 
 @ line 46, column 18.
   		FirefoxOptions options = new FirefoxOptions().setProfile(FF);
                    ^

file:/C:/Users/LAP15239-local/Katalon%20Studio/git/katalon/Scripts/1.MKP/BeforeTest/OpenMultiBrowsers_trying/Script1676120919473.groovy: 46: unable to resolve class FirefoxOptions 
 @ line 46, column 28.
   		FirefoxOptions options = new FirefoxOptions().setProfile(FF);
                              ^

file:/C:/Users/LAP15239-local/Katalon%20Studio/git/katalon/Scripts/1.MKP/BeforeTest/OpenMultiBrowsers_trying/Script1676120919473.groovy: 48: unable to resolve class FirefoxDriver 
 @ line 48, column 22.
   		WebDriver driver = new FirefoxDriver(options);
                        ^

5 errors

	at com.kms.katalon.core.main.ScriptEngine.getScript(ScriptEngine.java:199)
	at com.kms.katalon.core.main.ScriptEngine.run(ScriptEngine.java:194)
	at com.kms.katalon.core.main.ScriptEngine.runScriptAsRawText(ScriptEngine.java:119)
	at com.kms.katalon.core.main.TestCaseExecutor.runScript(TestCaseExecutor.java:448)
	at com.kms.katalon.core.main.TestCaseExecutor.doExecute(TestCaseExecutor.java:439)
	at com.kms.katalon.core.main.TestCaseExecutor.processExecutionPhase(TestCaseExecutor.java:418)
	at com.kms.katalon.core.main.TestCaseExecutor.accessMainPhase(TestCaseExecutor.java:410)
	at com.kms.katalon.core.main.TestCaseExecutor.execute(TestCaseExecutor.java:285)
	at com.kms.katalon.core.main.TestCaseMain.runTestCase(TestCaseMain.java:142)
	at com.kms.katalon.core.keyword.builtin.CallTestCaseKeyword$_callTestCase_closure1.doCall(CallTestCaseKeyword.groovy:59)
	... 20 more]]></system-err>
   </testsuite>
</testsuites>
